[Wed Feb  6 11:30:08.843 2013] 0.025 sec [ext/0/ext 7 (0,1000)] [sistema_padrao] br
[Wed Feb  6 11:30:14.414 2013] 0.000 sec [ext/0/ext 1 (0,1000)] [sistema_padrao] bruno
[Wed Feb  6 13:15:40.157 2013] 0.000 sec [ext/0/ext 0 (0,1000)] [sistema_padrao] brun
[Wed Feb  6 13:15:42.855 2013] 0.000 sec [ext/0/ext 0 (0,1000)] [sistema_padrao] bru
[Wed Feb  6 13:15:49.784 2013] 0.000 sec [ext/0/ext 7 (0,1000)] [sistema_padrao] br
[Wed Feb  6 13:15:53.511 2013] 0.000 sec [ext/0/ext 0 (0,1000)] [sistema_padrao] bru
[Wed Feb  6 13:15:56.103 2013] 0.000 sec [ext/0/ext 7 (0,1000)] [sistema_padrao] br
[Wed Feb  6 13:16:10.418 2013] 0.000 sec [ext/0/ext 7 (0,1000)] [sistema_padrao] br
[Wed Feb  6 13:16:14.561 2013] 0.000 sec [ext/0/ext 1 (0,1000)] [sistema_padrao] correia
[Wed Feb  6 13:16:17.941 2013] 0.000 sec [ext/0/ext 1 (0,1000)] [sistema_padrao] Bruno
[Wed Feb  6 13:16:21.782 2013] 0.000 sec [ext/0/ext 1 (0,1000)] [sistema_padrao] bruno
[Wed Feb  6 13:16:26.305 2013] 0.000 sec [ext/0/ext 1 (0,1000)] [sistema_padrao] bruno
[Wed Feb  6 13:16:29.685 2013] 0.000 sec [ext/0/ext 0 (0,1000)] [sistema_padrao] bru
[Wed Feb  6 13:16:31.648 2013] 0.000 sec [ext/0/ext 1 (0,1000)] [sistema_padrao] bruno
[Wed Feb  6 13:21:18.297 2013] 0.000 sec [ext/0/ext 1 (0,1000)] [sistema_padrao] bruno
[Wed Feb  6 13:21:21.778 2013] 0.000 sec [ext/0/ext 0 (0,1000)] [sistema_padrao] brun
[Wed Feb  6 13:21:25.985 2013] 0.000 sec [ext/0/ext 1 (0,1000)] [sistema_padrao] bruno
[Wed Feb  6 13:22:05.671 2013] 0.000 sec [ext/0/ext 1 (0,1000)] [sistema_padrao] bruno ___ativo___true___
[Wed Feb  6 13:22:10.719 2013] 0.000 sec [ext/0/ext 1 (0,1000)] [sistema_padrao] bruno ___ativo___true___
[Wed Feb  6 13:24:25.343 2013] 0.000 sec [ext/0/ext 0 (0,1000)] [sistema_padrao] bruno ___ativo___false___
[Wed Feb  6 13:24:29.883 2013] 0.000 sec [ext/0/ext 1 (0,1000)] [sistema_padrao] bruno
[Wed Feb  6 13:24:34.156 2013] 0.000 sec [ext/0/ext 0 (0,1000)] [sistema_padrao] brun
[Wed Feb  6 13:27:57.581 2013] 0.000 sec [ext/0/ext 0 (0,1000)] [sistema_padrao] brun
[Wed Feb  6 13:28:49.412 2013] 0.000 sec [ext/0/ext 0 (0,1000)] [sistema_padrao] brun
[Wed Feb  6 13:28:50.192 2013] 0.000 sec [ext/0/ext 0 (0,1000)] [sistema_padrao] brun
[Wed Feb  6 13:31:08.800 2013] 0.000 sec [ext/0/ext 0 (0,1000)] [sistema_padrao] brun
[Wed Feb  6 13:31:58.806 2013] 0.000 sec [ext/0/ext 0 (0,1000)] [sistema_padrao] brun
[Wed Feb  6 13:35:15.446 2013] 0.000 sec [ext/0/ext 1 (0,1000)] [sistema_padrao] *brun*
[Wed Feb  6 13:38:17.223 2013] 0.000 sec [ext/0/ext 0 (0,1000)] [sistema_padrao] *brun*
[Wed Feb  6 13:39:10.216 2013] 0.000 sec [ext/0/ext 0 (0,1000)] [sistema_padrao] *brun*
[Wed Feb  6 13:39:29.603 2013] 0.000 sec [ext/0/ext 1 (0,1000)] [sistema_padrao] *brun*
[Wed Feb  6 13:45:10.143 2013] 0.000 sec [ext/0/ext 1 (0,1000)] [sistema_padrao] *brun*
[Wed Feb  6 13:45:13.624 2013] 0.000 sec [ext/0/ext 1 (0,1000)] [sistema_padrao] *brun*
[Wed Feb  6 13:45:55.935 2013] 0.000 sec [ext/0/ext 1 (0,1000)] [sistema_padrao] *brun*
[Wed Feb  6 13:45:58.817 2013] 0.000 sec [ext/0/ext 1 (0,1000)] [sistema_padrao] *brun*
[Thu Feb  7 07:58:50.481 2013] 0.000 sec [ext/0/ext 1 (0,1000)] [sistema_padrao] *raminelli*
[Thu Feb 14 16:13:49.345 2013] 0.000 sec [ext/0/ext 1 (0,1000)] [sistema_padrao] *bruno*
[Thu Feb 14 16:13:53.572 2013] 0.000 sec [ext/0/ext 1 (0,1000)] [sistema_padrao] *bru*
[Wed Jul 24 15:21:36.779 2013] 0.032 sec [ext/0/ext 0 (0,1000)] [sistema_padrao] *php* ___ativo___true___ ___area_id___1___ ___cargo_id___1___
[Wed Jul 24 15:21:49.866 2013] 0.000 sec [ext/0/ext 0 (0,1000)] [sistema_padrao] *gerente* ___ativo___true___ ___area_id___1___ ___cargo_id___1___
[Wed Jul 24 15:21:51.834 2013] 0.000 sec [ext/0/ext 0 (0,1000)] [sistema_padrao] *gerente* ___ativo___true___ ___area_id___1___ ___cargo_id___1___
